2025-04-24 21:31:53,867 [DEBUG]  Available web server routes: 
/conversations/<conversation_id:path>/messages     POST                           add_message
/conversations/<conversation_id:path>/tracker/events POST                           append_events
/webhooks/rasa                                     GET                            custom_webhook_RasaChatInput.health
/webhooks/rasa/webhook                             POST                           custom_webhook_RasaChatInput.receive
/webhooks/rest                                     GET                            custom_webhook_RestInput.health
/webhooks/rest/webhook                             POST                           custom_webhook_RestInput.receive
/model/test/intents                                POST                           evaluate_intents
/model/test/stories                                POST                           evaluate_stories
/conversations/<conversation_id:path>/execute      POST                           execute_action
/domain                                            GET                            get_domain
/                                                  GET                            hello
/model                                             PUT                            load_model
/model/parse                                       POST                           parse
/conversations/<conversation_id:path>/predict      POST                           predict
/conversations/<conversation_id:path>/tracker/events PUT                            replace_events
/conversations/<conversation_id:path>/story        GET                            retrieve_story
/conversations/<conversation_id:path>/tracker      GET                            retrieve_tracker
/status                                            GET                            status
/model/predict                                     POST                           tracker_predict
/model/train                                       POST                           train
/conversations/<conversation_id:path>/trigger_intent POST                           trigger_intent
/model                                             DELETE                         unload_model
/version                                           GET                            version
2025-04-24 21:31:53,868 [INFO ]  Starting Rasa server on http://0.0.0.0:5005
2025-04-24 21:31:53,868 [DEBUG]  Using the default number of Sanic workers (1).
2025-04-24 21:31:54,504 [DEBUG]  Skipping telemetry reporting: no license hash found.
2025-04-24 21:31:54,564 [DEBUG]  Connected to InMemoryTrackerStore.
2025-04-24 21:31:54,568 [DEBUG]  Connected to lock store 'InMemoryLockStore'.
2025-04-24 21:31:54,572 [DEBUG]  Instantiated NLG to 'TemplatedNaturalLanguageGenerator'.
2025-04-24 21:31:54,574 [INFO ]  Loading model models/20250424-212109-cheerful-antagonist.tar.gz...
2025-04-24 21:31:55,136 [DEBUG]  Extracted model to '/var/folders/3z/mq6nqmk16r74sc_xxhcgvgmr0000gr/T/tmpbhdclpix'.
2025-04-24 21:31:55,142 [DEBUG]  Node 'nlu_message_converter' loading 'NLUMessageConverter.load' and kwargs: '{}'.
2025-04-24 21:31:55,142 [DEBUG]  Node 'run_WhitespaceTokenizer0' loading 'WhitespaceTokenizer.load' and kwargs: '{}'.
2025-04-24 21:31:55,144 [DEBUG]  Node 'run_RegexFeaturizer1' loading 'RegexFeaturizer.load' and kwargs: '{}'.
2025-04-24 21:31:55,144 [DEBUG]  Resource 'train_RegexFeaturizer1' was requested for reading.
2025-04-24 21:31:55,149 [DEBUG]  Node 'run_LexicalSyntacticFeaturizer2' loading 'LexicalSyntacticFeaturizer.load' and kwargs: '{}'.
2025-04-24 21:31:55,150 [DEBUG]  Resource 'train_LexicalSyntacticFeaturizer2' was requested for reading.
2025-04-24 21:31:55,152 [DEBUG]  Node 'run_CountVectorsFeaturizer3' loading 'CountVectorsFeaturizer.load' and kwargs: '{}'.
2025-04-24 21:31:55,152 [DEBUG]  Resource 'train_CountVectorsFeaturizer3' was requested for reading.
2025-04-24 21:31:55,154 [DEBUG]  Node 'run_LanguageModelFeaturizer4' loading 'LanguageModelFeaturizer.load' and kwargs: '{}'.
2025-04-24 21:31:56,240 [DEBUG]  Loading Tokenizer and Model for bert
2025-04-24 21:31:56,256 [DEBUG]  Starting new HTTPS connection (1): huggingface.co:443
2025-04-24 21:31:56,489 [DEBUG]  https://huggingface.co:443 "HEAD /bert-base-cased/resolve/main/tokenizer_config.json HTTP/1.1" 200 0
2025-04-24 21:31:56,671 [DEBUG]  https://huggingface.co:443 "HEAD /bert-base-cased/resolve/main/config.json HTTP/1.1" 200 0
2025-04-24 21:31:58,637 [DEBUG]  Node 'run_DIETClassifier5' loading 'DIETClassifier.load' and kwargs: '{}'.
2025-04-24 21:31:58,637 [DEBUG]  Resource 'train_DIETClassifier5' was requested for reading.
2025-04-24 21:31:58,639 [DEBUG]  Loading the model from /var/folders/3z/mq6nqmk16r74sc_xxhcgvgmr0000gr/T/tmp53heslbz/train_DIETClassifier5/DIETClassifier.tf_model with finetune_mode=False...
2025-04-24 21:31:58,688 [DEBUG]  You specified 'DIET' to train entities, but no entities are present in the training data. Skipping training of entities.
2025-04-24 21:31:58,726 [DEBUG]  Following metrics will be logged during training: 
2025-04-24 21:31:58,726 [DEBUG]    t_loss (total loss)
2025-04-24 21:31:58,727 [DEBUG]    m_acc (mask acc)
2025-04-24 21:31:58,727 [DEBUG]    m_loss (mask loss)
2025-04-24 21:31:58,727 [DEBUG]    i_acc (intent acc)
2025-04-24 21:31:58,727 [DEBUG]    i_loss (intent loss)
2025-04-24 21:31:58,757 [WARNI]  At this time, the v2.11+ optimizer `tf.keras.optimizers.Adam` runs slowly on M1/M2 Macs, please use the legacy Keras optimizer instead, located at `tf.keras.optimizers.legacy.Adam`.
2025-04-24 21:31:58,759 [WARNI]  There is a known slowdown when using v2.11+ Keras optimizers on M1/M2 Macs. Falling back to the legacy Keras optimizer, i.e., `tf.keras.optimizers.legacy.Adam`.
2025-04-24 21:32:05,111 [DEBUG]  Finished loading the model.
2025-04-24 21:32:05,120 [DEBUG]  Node 'run_EntitySynonymMapper6' loading 'EntitySynonymMapper.load' and kwargs: '{}'.
2025-04-24 21:32:05,121 [DEBUG]  Resource 'train_EntitySynonymMapper6' was requested for reading.
2025-04-24 21:32:05,121 [DEBUG]  Failed to load ABCMeta from model storage. Resource 'train_EntitySynonymMapper6' doesn't exist.
2025-04-24 21:32:05,121 [DEBUG]  Node 'run_ResponseSelector7' loading 'ResponseSelector.load' and kwargs: '{}'.
2025-04-24 21:32:05,121 [DEBUG]  Resource 'train_ResponseSelector7' was requested for reading.
2025-04-24 21:32:05,121 [DEBUG]  Failed to load ABCMeta from model storage. Resource 'train_ResponseSelector7' doesn't exist.
2025-04-24 21:32:05,121 [DEBUG]  Resource 'train_ResponseSelector7' was requested for reading.
2025-04-24 21:32:05,121 [DEBUG]  Failed to load ResponseSelector from model storage. Resource 'train_ResponseSelector7' doesn't exist.
2025-04-24 21:32:05,121 [DEBUG]  Node 'run_RegexMessageHandler' loading 'RegexMessageHandler.load' and kwargs: '{}'.
2025-04-24 21:32:05,121 [DEBUG]  Node 'domain_provider' loading 'DomainProvider.load' and kwargs: '{}'.
2025-04-24 21:32:05,121 [DEBUG]  Resource 'domain_provider' was requested for reading.
2025-04-24 21:32:05,139 [DEBUG]  Node 'run_MemoizationPolicy0' loading 'MemoizationPolicy.load' and kwargs: '{}'.
2025-04-24 21:32:05,139 [DEBUG]  Resource 'train_MemoizationPolicy0' was requested for reading.
2025-04-24 21:32:05,140 [DEBUG]  Node 'run_RulePolicy1' loading 'RulePolicy.load' and kwargs: '{}'.
2025-04-24 21:32:05,140 [DEBUG]  Resource 'train_RulePolicy1' was requested for reading.
2025-04-24 21:32:05,141 [DEBUG]  Node 'run_TEDPolicy2' loading 'TEDPolicy.load' and kwargs: '{}'.
2025-04-24 21:32:05,141 [DEBUG]  Resource 'train_TEDPolicy2' was requested for reading.
2025-04-24 21:32:05,143 [DEBUG]  Loading the model from /var/folders/3z/mq6nqmk16r74sc_xxhcgvgmr0000gr/T/tmp53heslbz/train_TEDPolicy2/ted_policy.tf_model with finetune_mode=False...
2025-04-24 21:32:05,185 [WARNI]  At this time, the v2.11+ optimizer `tf.keras.optimizers.Adam` runs slowly on M1/M2 Macs, please use the legacy Keras optimizer instead, located at `tf.keras.optimizers.legacy.Adam`.
2025-04-24 21:32:05,187 [WARNI]  There is a known slowdown when using v2.11+ Keras optimizers on M1/M2 Macs. Falling back to the legacy Keras optimizer, i.e., `tf.keras.optimizers.legacy.Adam`.
2025-04-24 21:32:09,534 [DEBUG]  Finished loading the model.
2025-04-24 21:32:09,534 [DEBUG]  Node 'rule_only_data_provider' loading 'RuleOnlyDataProvider.load' and kwargs: '{}'.
2025-04-24 21:32:09,534 [DEBUG]  Resource 'train_RulePolicy1' was requested for reading.
2025-04-24 21:32:09,535 [DEBUG]  Node 'select_prediction' loading 'DefaultPolicyPredictionEnsemble.load' and kwargs: '{}'.
2025-04-24 21:32:09,540 [INFO ]  Rasa server is up and running.
2025-04-24 21:32:09,541 [INFO ]  Enabling coroutine debugging. Loop id 13440878624.
2025-04-24 21:32:18,383 [DEBUG]  Issuing ticket for conversation 'PractikumStudent'.
2025-04-24 21:32:18,383 [DEBUG]  Acquiring lock for conversation 'PractikumStudent'.
2025-04-24 21:32:18,383 [DEBUG]  Acquired lock for conversation 'PractikumStudent'.
2025-04-24 21:32:18,383 [DEBUG]  Could not find tracker for conversation ID 'PractikumStudent'.
2025-04-24 21:32:18,383 [DEBUG]  No event broker configured. Skipping streaming events.
2025-04-24 21:32:18,384 [DEBUG]  Starting a new session for conversation ID 'PractikumStudent'.
2025-04-24 21:32:18,386 [DEBUG]  [[32m[1mdebug    [0m] [1mprocessor.actions.policy_prediction[0m [36mprediction_events[0m=[35m[][0m
2025-04-24 21:32:18,386 [DEBUG]  [[32m[1mdebug    [0m] [1mprocessor.actions.log         [0m [36maction_name[0m=[35maction_session_start[0m [36mrasa_events[0m=[35m[<rasa.shared.core.events.SessionStarted object at 0x37e64a0d0>, ActionExecuted(action: action_listen, policy: None, confidence: None)][0m
2025-04-24 21:32:18,386 [DEBUG]  [[32m[1mdebug    [0m] [1mprocessor.slots.log           [0m [36mslot_values[0m=[35m	topic: None
	session_started_metadata: None[0m
2025-04-24 21:32:18,387 [DEBUG]  Running graph with inputs: {'__message__': [<rasa.core.channels.channel.UserMessage object at 0x37a2d8bb0>], '__tracker__': <rasa.shared.core.trackers.DialogueStateTracker object at 0x37c9567c0>}, targets: ['run_RegexMessageHandler'] and ExecutionContext(model_id='1bafa94963a343f89578b7f5ac1cc3a4', should_add_diagnostic_data=False, is_finetuning=False, node_name=None).
2025-04-24 21:32:18,390 [DEBUG]  Node 'nlu_message_converter' running 'NLUMessageConverter.convert_user_message'.
2025-04-24 21:32:18,391 [DEBUG]  Node 'run_WhitespaceTokenizer0' running 'WhitespaceTokenizer.process'.
2025-04-24 21:32:18,395 [DEBUG]  Node 'run_RegexFeaturizer1' running 'RegexFeaturizer.process'.
2025-04-24 21:32:18,395 [DEBUG]  Node 'run_LexicalSyntacticFeaturizer2' running 'LexicalSyntacticFeaturizer.process'.
2025-04-24 21:32:18,397 [DEBUG]  Node 'run_CountVectorsFeaturizer3' running 'CountVectorsFeaturizer.process'.
2025-04-24 21:32:18,398 [DEBUG]  Node 'run_LanguageModelFeaturizer4' running 'LanguageModelFeaturizer.process'.
2025-04-24 21:32:18,734 [DEBUG]  Node 'run_DIETClassifier5' running 'DIETClassifier.process'.
2025-04-24 21:32:18,970 [DEBUG]  Node 'run_EntitySynonymMapper6' running 'EntitySynonymMapper.process'.
2025-04-24 21:32:18,970 [DEBUG]  Node 'run_ResponseSelector7' running 'ResponseSelector.process'.
2025-04-24 21:32:18,971 [DEBUG]  There is no trained model for 'ResponseSelector': The component is either not trained or didn't receive enough training data.
2025-04-24 21:32:18,971 [DEBUG]  Adding following selector key to message property: default
2025-04-24 21:32:18,971 [DEBUG]  Node 'domain_provider' running 'DomainProvider.provide_inference'.
2025-04-24 21:32:18,971 [DEBUG]  Node 'run_RegexMessageHandler' running 'RegexMessageHandler.process'.
2025-04-24 21:32:18,971 [DEBUG]  [[32m[1mdebug    [0m] [1mprocessor.message.parse       [0m [36mparse_data_entities[0m=[35m[][0m [36mparse_data_intent[0m=[35m{'name': 'greet', 'confidence': 0.3080839216709137}[0m [36mparse_data_text[0m=[35mпривет[0m
2025-04-24 21:32:18,971 [DEBUG]  Logged UserUtterance - tracker now has 4 events.
2025-04-24 21:32:18,973 [DEBUG]  Validating extracted slots: topic
2025-04-24 21:32:18,973 [DEBUG]  [[32m[1mdebug    [0m] [1mprocessor.extract.slots       [0m [36maction_extract_slot[0m=[35maction_extract_slots[0m [36mlen_extraction_events[0m=[35m1[0m [36mrasa_events[0m=[35m[SlotSet(key: topic, value: привет)][0m
2025-04-24 21:32:18,973 [DEBUG]  Running graph with inputs: {'__tracker__': <rasa.shared.core.trackers.DialogueStateTracker object at 0x37c9567c0>}, targets: ['select_prediction'] and ExecutionContext(model_id='1bafa94963a343f89578b7f5ac1cc3a4', should_add_diagnostic_data=False, is_finetuning=False, node_name=None).
2025-04-24 21:32:18,974 [DEBUG]  Node 'rule_only_data_provider' running 'RuleOnlyDataProvider.provide'.
2025-04-24 21:32:18,974 [DEBUG]  Node 'domain_provider' running 'DomainProvider.provide_inference'.
2025-04-24 21:32:18,974 [DEBUG]  Node 'run_MemoizationPolicy0' running 'MemoizationPolicy.predict_action_probabilities'.
2025-04-24 21:32:18,974 [DEBUG]  [[32m[1mdebug    [0m] [1mmemoization.predict.actions   [0m [36mtracker_states[0m=[35m[{}, {'user': {'intent': 'greet'}, 'prev_action': {'action_name': 'action_listen'}}][0m
2025-04-24 21:32:18,974 [DEBUG]  There is a memorised next action 'utter_greet'
2025-04-24 21:32:18,974 [DEBUG]  Node 'run_RulePolicy1' running 'RulePolicy.predict_action_probabilities'.
2025-04-24 21:32:18,974 [DEBUG]  [[32m[1mdebug    [0m] [1mrule_policy.actions.find      [0m [36mcurrent_states[0m=[35m
[state 1] user text: привет | previous action name: action_listen[0m
2025-04-24 21:32:18,975 [DEBUG]  There is no applicable rule.
2025-04-24 21:32:18,975 [DEBUG]  [[32m[1mdebug    [0m] [1mrule_policy.actions.find      [0m [36mcurrent_states[0m=[35m
[state 1] user intent: greet | previous action name: action_listen[0m
2025-04-24 21:32:18,975 [DEBUG]  There is a rule for the next action 'utter_greet'.
2025-04-24 21:32:18,975 [DEBUG]  Node 'run_TEDPolicy2' running 'TEDPolicy.predict_action_probabilities'.
2025-04-24 21:32:18,978 [DEBUG]  TED predicted 'utter_greet' based on user intent.
2025-04-24 21:32:18,978 [DEBUG]  Node 'select_prediction' running 'DefaultPolicyPredictionEnsemble.combine_predictions_from_kwargs'.
2025-04-24 21:32:18,978 [DEBUG]  Made prediction using user intent.
2025-04-24 21:32:18,978 [DEBUG]  Added `DefinePrevUserUtteredFeaturization(False)` event.
2025-04-24 21:32:18,978 [DEBUG]  Predicted next action using RulePolicy.
2025-04-24 21:32:18,978 [DEBUG]  Predicted next action 'utter_greet' with confidence 1.00.
2025-04-24 21:32:18,978 [DEBUG]  [[32m[1mdebug    [0m] [1mprocessor.actions.policy_prediction[0m [36mprediction_events[0m=[35m[<rasa.shared.core.events.DefinePrevUserUtteredFeaturization object at 0x37e64a790>][0m
2025-04-24 21:32:18,978 [DEBUG]  [[32m[1mdebug    [0m] [1mprocessor.actions.log         [0m [36maction_name[0m=[35mutter_greet[0m [36mrasa_events[0m=[35m[BotUttered('Привет! Чем могу помочь в области архитектуры программного обеспечения?', {"elements": null, "quick_replies": null, "buttons": null, "attachment": null, "image": null, "custom": null}, {"utter_action": "utter_greet"}, 1745519538.978715)][0m
2025-04-24 21:32:18,979 [DEBUG]  Running graph with inputs: {'__tracker__': <rasa.shared.core.trackers.DialogueStateTracker object at 0x37c9567c0>}, targets: ['select_prediction'] and ExecutionContext(model_id='1bafa94963a343f89578b7f5ac1cc3a4', should_add_diagnostic_data=False, is_finetuning=False, node_name=None).
2025-04-24 21:32:18,979 [DEBUG]  Node 'rule_only_data_provider' running 'RuleOnlyDataProvider.provide'.
2025-04-24 21:32:18,979 [DEBUG]  Node 'domain_provider' running 'DomainProvider.provide_inference'.
2025-04-24 21:32:18,979 [DEBUG]  Node 'run_MemoizationPolicy0' running 'MemoizationPolicy.predict_action_probabilities'.
2025-04-24 21:32:18,979 [DEBUG]  [[32m[1mdebug    [0m] [1mmemoization.predict.actions   [0m [36mtracker_states[0m=[35m[{}, {'user': {'intent': 'greet'}, 'prev_action': {'action_name': 'action_listen'}}, {'user': {'intent': 'greet'}, 'prev_action': {'action_name': 'utter_greet'}}][0m
2025-04-24 21:32:18,979 [DEBUG]  There is a memorised next action 'action_listen'
2025-04-24 21:32:18,979 [DEBUG]  Node 'run_RulePolicy1' running 'RulePolicy.predict_action_probabilities'.
2025-04-24 21:32:18,979 [DEBUG]  [[32m[1mdebug    [0m] [1mrule_policy.actions.find      [0m [36mcurrent_states[0m=[35m
[state 1] user intent: greet | previous action name: action_listen
[state 2] user intent: greet | previous action name: utter_greet[0m
2025-04-24 21:32:18,979 [DEBUG]  There is a rule for the next action 'action_listen'.
2025-04-24 21:32:18,979 [DEBUG]  Node 'run_TEDPolicy2' running 'TEDPolicy.predict_action_probabilities'.
2025-04-24 21:32:18,981 [DEBUG]  TED predicted 'action_listen' based on user intent.
2025-04-24 21:32:18,981 [DEBUG]  Node 'select_prediction' running 'DefaultPolicyPredictionEnsemble.combine_predictions_from_kwargs'.
2025-04-24 21:32:18,981 [DEBUG]  Predicted next action using RulePolicy.
2025-04-24 21:32:18,981 [DEBUG]  Predicted next action 'action_listen' with confidence 1.00.
2025-04-24 21:32:18,981 [DEBUG]  [[32m[1mdebug    [0m] [1mprocessor.actions.policy_prediction[0m [36mprediction_events[0m=[35m[][0m
2025-04-24 21:32:18,981 [DEBUG]  [[32m[1mdebug    [0m] [1mprocessor.actions.log         [0m [36maction_name[0m=[35maction_listen[0m [36mrasa_events[0m=[35m[][0m
2025-04-24 21:32:18,982 [DEBUG]  No event broker configured. Skipping streaming events.
2025-04-24 21:32:18,982 [DEBUG]  Deleted lock for conversation 'PractikumStudent'.
2025-04-24 21:32:26,806 [DEBUG]  Issuing ticket for conversation 'PractikumStudent'.
2025-04-24 21:32:26,808 [DEBUG]  Acquiring lock for conversation 'PractikumStudent'.
2025-04-24 21:32:26,808 [DEBUG]  Acquired lock for conversation 'PractikumStudent'.
2025-04-24 21:32:26,808 [DEBUG]  Recreating tracker for id 'PractikumStudent'
2025-04-24 21:32:26,810 [DEBUG]  Running graph with inputs: {'__message__': [<rasa.core.channels.channel.UserMessage object at 0x37c9567c0>], '__tracker__': <rasa.shared.core.trackers.DialogueStateTracker object at 0x37f00f130>}, targets: ['run_RegexMessageHandler'] and ExecutionContext(model_id='1bafa94963a343f89578b7f5ac1cc3a4', should_add_diagnostic_data=False, is_finetuning=False, node_name=None).
2025-04-24 21:32:26,810 [DEBUG]  Node 'nlu_message_converter' running 'NLUMessageConverter.convert_user_message'.
2025-04-24 21:32:26,811 [DEBUG]  Node 'run_WhitespaceTokenizer0' running 'WhitespaceTokenizer.process'.
2025-04-24 21:32:26,811 [DEBUG]  Node 'run_RegexFeaturizer1' running 'RegexFeaturizer.process'.
2025-04-24 21:32:26,811 [DEBUG]  Node 'run_LexicalSyntacticFeaturizer2' running 'LexicalSyntacticFeaturizer.process'.
2025-04-24 21:32:26,812 [DEBUG]  Node 'run_CountVectorsFeaturizer3' running 'CountVectorsFeaturizer.process'.
2025-04-24 21:32:26,813 [DEBUG]  Node 'run_LanguageModelFeaturizer4' running 'LanguageModelFeaturizer.process'.
2025-04-24 21:32:26,909 [DEBUG]  Node 'run_DIETClassifier5' running 'DIETClassifier.process'.
2025-04-24 21:32:26,913 [DEBUG]  Node 'run_EntitySynonymMapper6' running 'EntitySynonymMapper.process'.
2025-04-24 21:32:26,913 [DEBUG]  Node 'run_ResponseSelector7' running 'ResponseSelector.process'.
2025-04-24 21:32:26,913 [DEBUG]  There is no trained model for 'ResponseSelector': The component is either not trained or didn't receive enough training data.
2025-04-24 21:32:26,913 [DEBUG]  Adding following selector key to message property: default
2025-04-24 21:32:26,914 [DEBUG]  Node 'domain_provider' running 'DomainProvider.provide_inference'.
2025-04-24 21:32:26,914 [DEBUG]  Node 'run_RegexMessageHandler' running 'RegexMessageHandler.process'.
2025-04-24 21:32:26,914 [DEBUG]  [[32m[1mdebug    [0m] [1mprocessor.message.parse       [0m [36mparse_data_entities[0m=[35m[][0m [36mparse_data_intent[0m=[35m{'name': 'ask_architecture', 'confidence': 0.8864590525627136}[0m [36mparse_data_text[0m=[35mрасскажи про архитектуру по[0m
2025-04-24 21:32:26,914 [DEBUG]  Logged UserUtterance - tracker now has 10 events.
2025-04-24 21:32:26,914 [DEBUG]  Validating extracted slots: topic
2025-04-24 21:32:26,914 [DEBUG]  [[32m[1mdebug    [0m] [1mprocessor.extract.slots       [0m [36maction_extract_slot[0m=[35maction_extract_slots[0m [36mlen_extraction_events[0m=[35m1[0m [36mrasa_events[0m=[35m[SlotSet(key: topic, value: расскажи про архитектуру по)][0m
2025-04-24 21:32:26,914 [DEBUG]  Running graph with inputs: {'__tracker__': <rasa.shared.core.trackers.DialogueStateTracker object at 0x37f00f130>}, targets: ['select_prediction'] and ExecutionContext(model_id='1bafa94963a343f89578b7f5ac1cc3a4', should_add_diagnostic_data=False, is_finetuning=False, node_name=None).
2025-04-24 21:32:26,914 [DEBUG]  Node 'rule_only_data_provider' running 'RuleOnlyDataProvider.provide'.
2025-04-24 21:32:26,915 [DEBUG]  Node 'domain_provider' running 'DomainProvider.provide_inference'.
2025-04-24 21:32:26,915 [DEBUG]  Node 'run_MemoizationPolicy0' running 'MemoizationPolicy.predict_action_probabilities'.
2025-04-24 21:32:26,915 [DEBUG]  [[32m[1mdebug    [0m] [1mmemoization.predict.actions   [0m [36mtracker_states[0m=[35m[{}, {'user': {'intent': 'greet'}, 'prev_action': {'action_name': 'action_listen'}}, {'user': {'intent': 'greet'}, 'prev_action': {'action_name': 'utter_greet'}}, {'user': {'intent': 'ask_architecture'}, 'prev_action': {'action_name': 'action_listen'}}][0m
2025-04-24 21:32:26,915 [DEBUG]  There is a memorised next action 'utter_architecture_response'
2025-04-24 21:32:26,915 [DEBUG]  Node 'run_RulePolicy1' running 'RulePolicy.predict_action_probabilities'.
2025-04-24 21:32:26,915 [DEBUG]  [[32m[1mdebug    [0m] [1mrule_policy.actions.find      [0m [36mcurrent_states[0m=[35m
[state 1] user intent: greet | previous action name: action_listen
[state 2] user intent: greet | previous action name: utter_greet
[state 3] user text: расскажи про архитектуру по | previous action name: action_listen[0m
2025-04-24 21:32:26,915 [DEBUG]  There is no applicable rule.
2025-04-24 21:32:26,915 [DEBUG]  [[32m[1mdebug    [0m] [1mrule_policy.actions.find      [0m [36mcurrent_states[0m=[35m
[state 1] user intent: greet | previous action name: action_listen
[state 2] user intent: greet | previous action name: utter_greet
[state 3] user intent: ask_architecture | previous action name: action_listen[0m
2025-04-24 21:32:26,915 [DEBUG]  There is a rule for the next action 'utter_architecture_response'.
2025-04-24 21:32:26,915 [DEBUG]  Node 'run_TEDPolicy2' running 'TEDPolicy.predict_action_probabilities'.
2025-04-24 21:32:26,917 [DEBUG]  TED predicted 'utter_architecture_response' based on user intent.
2025-04-24 21:32:26,917 [DEBUG]  Node 'select_prediction' running 'DefaultPolicyPredictionEnsemble.combine_predictions_from_kwargs'.
2025-04-24 21:32:26,917 [DEBUG]  Made prediction using user intent.
2025-04-24 21:32:26,917 [DEBUG]  Added `DefinePrevUserUtteredFeaturization(False)` event.
2025-04-24 21:32:26,917 [DEBUG]  Predicted next action using RulePolicy.
2025-04-24 21:32:26,918 [DEBUG]  Predicted next action 'utter_architecture_response' with confidence 1.00.
2025-04-24 21:32:26,918 [DEBUG]  [[32m[1mdebug    [0m] [1mprocessor.actions.policy_prediction[0m [36mprediction_events[0m=[35m[<rasa.shared.core.events.DefinePrevUserUtteredFeaturization object at 0x37f057400>][0m
2025-04-24 21:32:26,918 [DEBUG]  [[32m[1mdebug    [0m] [1mprocessor.actions.log         [0m [36maction_name[0m=[35mutter_architecture_response[0m [36mrasa_events[0m=[35m[BotUttered('Архитектура ПО включает выбор структур, которые обеспечивают масштабируемость, гибкость и поддерживаемость приложения. Задайте конкретный вопрос по этой теме, и я помогу вам с информацией.', {"elements": null, "quick_replies": null, "buttons": null, "attachment": null, "image": null, "custom": null}, {"utter_action": "utter_architecture_response"}, 1745519546.918189)][0m
2025-04-24 21:32:26,918 [DEBUG]  Running graph with inputs: {'__tracker__': <rasa.shared.core.trackers.DialogueStateTracker object at 0x37f00f130>}, targets: ['select_prediction'] and ExecutionContext(model_id='1bafa94963a343f89578b7f5ac1cc3a4', should_add_diagnostic_data=False, is_finetuning=False, node_name=None).
2025-04-24 21:32:26,918 [DEBUG]  Node 'rule_only_data_provider' running 'RuleOnlyDataProvider.provide'.
2025-04-24 21:32:26,918 [DEBUG]  Node 'domain_provider' running 'DomainProvider.provide_inference'.
2025-04-24 21:32:26,918 [DEBUG]  Node 'run_MemoizationPolicy0' running 'MemoizationPolicy.predict_action_probabilities'.
2025-04-24 21:32:26,918 [DEBUG]  [[32m[1mdebug    [0m] [1mmemoization.predict.actions   [0m [36mtracker_states[0m=[35m[{}, {'user': {'intent': 'greet'}, 'prev_action': {'action_name': 'action_listen'}}, {'user': {'intent': 'greet'}, 'prev_action': {'action_name': 'utter_greet'}}, {'user': {'intent': 'ask_architecture'}, 'prev_action': {'action_name': 'action_listen'}}, {'user': {'intent': 'ask_architecture'}, 'prev_action': {'action_name': 'utter_architecture_response'}}][0m
2025-04-24 21:32:26,919 [DEBUG]  There is a memorised next action 'action_listen'
2025-04-24 21:32:26,919 [DEBUG]  Node 'run_RulePolicy1' running 'RulePolicy.predict_action_probabilities'.
2025-04-24 21:32:26,919 [DEBUG]  [[32m[1mdebug    [0m] [1mrule_policy.actions.find      [0m [36mcurrent_states[0m=[35m
[state 1] user intent: greet | previous action name: action_listen
[state 2] user intent: greet | previous action name: utter_greet
[state 3] user intent: ask_architecture | previous action name: action_listen
[state 4] user intent: ask_architecture | previous action name: utter_architecture_response[0m
2025-04-24 21:32:26,919 [DEBUG]  There is a rule for the next action 'action_listen'.
2025-04-24 21:32:26,919 [DEBUG]  Node 'run_TEDPolicy2' running 'TEDPolicy.predict_action_probabilities'.
2025-04-24 21:32:26,921 [DEBUG]  TED predicted 'action_listen' based on user intent.
2025-04-24 21:32:26,921 [DEBUG]  Node 'select_prediction' running 'DefaultPolicyPredictionEnsemble.combine_predictions_from_kwargs'.
2025-04-24 21:32:26,921 [DEBUG]  Predicted next action using RulePolicy.
2025-04-24 21:32:26,921 [DEBUG]  Predicted next action 'action_listen' with confidence 1.00.
2025-04-24 21:32:26,921 [DEBUG]  [[32m[1mdebug    [0m] [1mprocessor.actions.policy_prediction[0m [36mprediction_events[0m=[35m[][0m
2025-04-24 21:32:26,921 [DEBUG]  [[32m[1mdebug    [0m] [1mprocessor.actions.log         [0m [36maction_name[0m=[35maction_listen[0m [36mrasa_events[0m=[35m[][0m
2025-04-24 21:32:26,921 [DEBUG]  No event broker configured. Skipping streaming events.
2025-04-24 21:32:26,922 [DEBUG]  Deleted lock for conversation 'PractikumStudent'.
2025-04-24 21:32:34,247 [DEBUG]  Issuing ticket for conversation 'PractikumStudent'.
2025-04-24 21:32:34,247 [DEBUG]  Acquiring lock for conversation 'PractikumStudent'.
2025-04-24 21:32:34,247 [DEBUG]  Acquired lock for conversation 'PractikumStudent'.
2025-04-24 21:32:34,247 [DEBUG]  Recreating tracker for id 'PractikumStudent'
2025-04-24 21:32:34,249 [DEBUG]  Running graph with inputs: {'__message__': [<rasa.core.channels.channel.UserMessage object at 0x37a2d8bb0>], '__tracker__': <rasa.shared.core.trackers.DialogueStateTracker object at 0x37c93a370>}, targets: ['run_RegexMessageHandler'] and ExecutionContext(model_id='1bafa94963a343f89578b7f5ac1cc3a4', should_add_diagnostic_data=False, is_finetuning=False, node_name=None).
2025-04-24 21:32:34,250 [DEBUG]  Node 'nlu_message_converter' running 'NLUMessageConverter.convert_user_message'.
2025-04-24 21:32:34,250 [DEBUG]  Node 'run_WhitespaceTokenizer0' running 'WhitespaceTokenizer.process'.
2025-04-24 21:32:34,251 [DEBUG]  Node 'run_RegexFeaturizer1' running 'RegexFeaturizer.process'.
2025-04-24 21:32:34,251 [DEBUG]  Node 'run_LexicalSyntacticFeaturizer2' running 'LexicalSyntacticFeaturizer.process'.
2025-04-24 21:32:34,252 [DEBUG]  Node 'run_CountVectorsFeaturizer3' running 'CountVectorsFeaturizer.process'.
2025-04-24 21:32:34,253 [DEBUG]  Node 'run_LanguageModelFeaturizer4' running 'LanguageModelFeaturizer.process'.
2025-04-24 21:32:34,339 [DEBUG]  Node 'run_DIETClassifier5' running 'DIETClassifier.process'.
2025-04-24 21:32:34,344 [DEBUG]  Node 'run_EntitySynonymMapper6' running 'EntitySynonymMapper.process'.
2025-04-24 21:32:34,344 [DEBUG]  Node 'run_ResponseSelector7' running 'ResponseSelector.process'.
2025-04-24 21:32:34,344 [DEBUG]  There is no trained model for 'ResponseSelector': The component is either not trained or didn't receive enough training data.
2025-04-24 21:32:34,344 [DEBUG]  Adding following selector key to message property: default
2025-04-24 21:32:34,344 [DEBUG]  Node 'domain_provider' running 'DomainProvider.provide_inference'.
2025-04-24 21:32:34,344 [DEBUG]  Node 'run_RegexMessageHandler' running 'RegexMessageHandler.process'.
2025-04-24 21:32:34,345 [DEBUG]  [[32m[1mdebug    [0m] [1mprocessor.message.parse       [0m [36mparse_data_entities[0m=[35m[][0m [36mparse_data_intent[0m=[35m{'name': 'ask_microservices', 'confidence': 0.3414481282234192}[0m [36mparse_data_text[0m=[35mрасскажи про микросервисы[0m
2025-04-24 21:32:34,345 [DEBUG]  Logged UserUtterance - tracker now has 16 events.
2025-04-24 21:32:34,345 [DEBUG]  Validating extracted slots: topic
2025-04-24 21:32:34,345 [DEBUG]  [[32m[1mdebug    [0m] [1mprocessor.extract.slots       [0m [36maction_extract_slot[0m=[35maction_extract_slots[0m [36mlen_extraction_events[0m=[35m1[0m [36mrasa_events[0m=[35m[SlotSet(key: topic, value: расскажи про микросервисы)][0m
2025-04-24 21:32:34,345 [DEBUG]  Running graph with inputs: {'__tracker__': <rasa.shared.core.trackers.DialogueStateTracker object at 0x37c93a370>}, targets: ['select_prediction'] and ExecutionContext(model_id='1bafa94963a343f89578b7f5ac1cc3a4', should_add_diagnostic_data=False, is_finetuning=False, node_name=None).
2025-04-24 21:32:34,345 [DEBUG]  Node 'rule_only_data_provider' running 'RuleOnlyDataProvider.provide'.
2025-04-24 21:32:34,345 [DEBUG]  Node 'domain_provider' running 'DomainProvider.provide_inference'.
2025-04-24 21:32:34,346 [DEBUG]  Node 'run_MemoizationPolicy0' running 'MemoizationPolicy.predict_action_probabilities'.
2025-04-24 21:32:34,346 [DEBUG]  [[32m[1mdebug    [0m] [1mmemoization.predict.actions   [0m [36mtracker_states[0m=[35m[{'user': {'intent': 'greet'}, 'prev_action': {'action_name': 'action_listen'}}, {'user': {'intent': 'greet'}, 'prev_action': {'action_name': 'utter_greet'}}, {'user': {'intent': 'ask_architecture'}, 'prev_action': {'action_name': 'action_listen'}}, {'user': {'intent': 'ask_architecture'}, 'prev_action': {'action_name': 'utter_architecture_response'}}, {'user': {'intent': 'ask_microservices'}, 'prev_action': {'action_name': 'action_listen'}}][0m
2025-04-24 21:32:34,346 [DEBUG]  There is no memorised next action
2025-04-24 21:32:34,346 [DEBUG]  Node 'run_RulePolicy1' running 'RulePolicy.predict_action_probabilities'.
2025-04-24 21:32:34,346 [DEBUG]  [[32m[1mdebug    [0m] [1mrule_policy.actions.find      [0m [36mcurrent_states[0m=[35m
[state 1] user intent: greet | previous action name: action_listen
[state 2] user intent: greet | previous action name: utter_greet
[state 3] user intent: ask_architecture | previous action name: action_listen
[state 4] user intent: ask_architecture | previous action name: utter_architecture_response
[state 5] user text: расскажи про микросервисы | previous action name: action_listen[0m
2025-04-24 21:32:34,346 [DEBUG]  There is no applicable rule.
2025-04-24 21:32:34,346 [DEBUG]  [[32m[1mdebug    [0m] [1mrule_policy.actions.find      [0m [36mcurrent_states[0m=[35m
[state 1] user intent: greet | previous action name: action_listen
[state 2] user intent: greet | previous action name: utter_greet
[state 3] user intent: ask_architecture | previous action name: action_listen
[state 4] user intent: ask_architecture | previous action name: utter_architecture_response
[state 5] user intent: ask_microservices | previous action name: action_listen[0m
2025-04-24 21:32:34,346 [DEBUG]  There is a rule for the next action 'utter_microservices'.
2025-04-24 21:32:34,346 [DEBUG]  Node 'run_TEDPolicy2' running 'TEDPolicy.predict_action_probabilities'.
2025-04-24 21:32:34,349 [DEBUG]  TED predicted 'utter_microservices' based on user intent.
2025-04-24 21:32:34,349 [DEBUG]  Node 'select_prediction' running 'DefaultPolicyPredictionEnsemble.combine_predictions_from_kwargs'.
2025-04-24 21:32:34,349 [DEBUG]  Made prediction using user intent.
2025-04-24 21:32:34,349 [DEBUG]  Added `DefinePrevUserUtteredFeaturization(False)` event.
2025-04-24 21:32:34,349 [DEBUG]  Predicted next action using RulePolicy.
2025-04-24 21:32:34,349 [DEBUG]  Predicted next action 'utter_microservices' with confidence 1.00.
2025-04-24 21:32:34,349 [DEBUG]  [[32m[1mdebug    [0m] [1mprocessor.actions.policy_prediction[0m [36mprediction_events[0m=[35m[<rasa.shared.core.events.DefinePrevUserUtteredFeaturization object at 0x37f057370>][0m
2025-04-24 21:32:34,349 [DEBUG]  [[32m[1mdebug    [0m] [1mprocessor.actions.log         [0m [36maction_name[0m=[35mutter_microservices[0m [36mrasa_events[0m=[35m[BotUttered('Микросервисная архитектура - это подход к разработке приложений, при котором приложение строится как набор небольших, независимых сервисов, каждый из которых выполняет свою бизнес-функцию и коммуницирует с другими сервисами через API. Это позволяет создавать гибкие, масштабируемые и удобные в поддержке системы.', {"elements": null, "quick_replies": null, "buttons": null, "attachment": null, "image": null, "custom": null}, {"utter_action": "utter_microservices"}, 1745519554.3495429)][0m
2025-04-24 21:32:34,349 [DEBUG]  Running graph with inputs: {'__tracker__': <rasa.shared.core.trackers.DialogueStateTracker object at 0x37c93a370>}, targets: ['select_prediction'] and ExecutionContext(model_id='1bafa94963a343f89578b7f5ac1cc3a4', should_add_diagnostic_data=False, is_finetuning=False, node_name=None).
2025-04-24 21:32:34,350 [DEBUG]  Node 'rule_only_data_provider' running 'RuleOnlyDataProvider.provide'.
2025-04-24 21:32:34,350 [DEBUG]  Node 'domain_provider' running 'DomainProvider.provide_inference'.
2025-04-24 21:32:34,350 [DEBUG]  Node 'run_MemoizationPolicy0' running 'MemoizationPolicy.predict_action_probabilities'.
2025-04-24 21:32:34,350 [DEBUG]  [[32m[1mdebug    [0m] [1mmemoization.predict.actions   [0m [36mtracker_states[0m=[35m[{'user': {'intent': 'greet'}, 'prev_action': {'action_name': 'utter_greet'}}, {'user': {'intent': 'ask_architecture'}, 'prev_action': {'action_name': 'action_listen'}}, {'user': {'intent': 'ask_architecture'}, 'prev_action': {'action_name': 'utter_architecture_response'}}, {'user': {'intent': 'ask_microservices'}, 'prev_action': {'action_name': 'action_listen'}}, {'user': {'intent': 'ask_microservices'}, 'prev_action': {'action_name': 'utter_microservices'}}][0m
2025-04-24 21:32:34,350 [DEBUG]  There is no memorised next action
2025-04-24 21:32:34,350 [DEBUG]  Node 'run_RulePolicy1' running 'RulePolicy.predict_action_probabilities'.
2025-04-24 21:32:34,350 [DEBUG]  [[32m[1mdebug    [0m] [1mrule_policy.actions.find      [0m [36mcurrent_states[0m=[35m
[state 1] user intent: greet | previous action name: action_listen
[state 2] user intent: greet | previous action name: utter_greet
[state 3] user intent: ask_architecture | previous action name: action_listen
[state 4] user intent: ask_architecture | previous action name: utter_architecture_response
[state 5] user intent: ask_microservices | previous action name: action_listen
[state 6] user intent: ask_microservices | previous action name: utter_microservices[0m
2025-04-24 21:32:34,350 [DEBUG]  There is a rule for the next action 'action_listen'.
2025-04-24 21:32:34,351 [DEBUG]  Node 'run_TEDPolicy2' running 'TEDPolicy.predict_action_probabilities'.
2025-04-24 21:32:34,353 [DEBUG]  TED predicted 'action_listen' based on user intent.
2025-04-24 21:32:34,353 [DEBUG]  Node 'select_prediction' running 'DefaultPolicyPredictionEnsemble.combine_predictions_from_kwargs'.
2025-04-24 21:32:34,353 [DEBUG]  Predicted next action using RulePolicy.
2025-04-24 21:32:34,353 [DEBUG]  Predicted next action 'action_listen' with confidence 1.00.
2025-04-24 21:32:34,353 [DEBUG]  [[32m[1mdebug    [0m] [1mprocessor.actions.policy_prediction[0m [36mprediction_events[0m=[35m[][0m
2025-04-24 21:32:34,353 [DEBUG]  [[32m[1mdebug    [0m] [1mprocessor.actions.log         [0m [36maction_name[0m=[35maction_listen[0m [36mrasa_events[0m=[35m[][0m
2025-04-24 21:32:34,353 [DEBUG]  No event broker configured. Skipping streaming events.
2025-04-24 21:32:34,353 [DEBUG]  Deleted lock for conversation 'PractikumStudent'.
2025-04-24 21:32:40,643 [DEBUG]  Issuing ticket for conversation 'PractikumStudent'.
2025-04-24 21:32:40,643 [DEBUG]  Acquiring lock for conversation 'PractikumStudent'.
2025-04-24 21:32:40,643 [DEBUG]  Acquired lock for conversation 'PractikumStudent'.
2025-04-24 21:32:40,644 [DEBUG]  Recreating tracker for id 'PractikumStudent'
2025-04-24 21:32:40,646 [DEBUG]  Running graph with inputs: {'__message__': [<rasa.core.channels.channel.UserMessage object at 0x37e1beeb0>], '__tracker__': <rasa.shared.core.trackers.DialogueStateTracker object at 0x37f06aa30>}, targets: ['run_RegexMessageHandler'] and ExecutionContext(model_id='1bafa94963a343f89578b7f5ac1cc3a4', should_add_diagnostic_data=False, is_finetuning=False, node_name=None).
2025-04-24 21:32:40,647 [DEBUG]  Node 'nlu_message_converter' running 'NLUMessageConverter.convert_user_message'.
2025-04-24 21:32:40,647 [DEBUG]  Node 'run_WhitespaceTokenizer0' running 'WhitespaceTokenizer.process'.
2025-04-24 21:32:40,647 [DEBUG]  Node 'run_RegexFeaturizer1' running 'RegexFeaturizer.process'.
2025-04-24 21:32:40,648 [DEBUG]  Node 'run_LexicalSyntacticFeaturizer2' running 'LexicalSyntacticFeaturizer.process'.
2025-04-24 21:32:40,648 [DEBUG]  Node 'run_CountVectorsFeaturizer3' running 'CountVectorsFeaturizer.process'.
2025-04-24 21:32:40,649 [DEBUG]  Node 'run_LanguageModelFeaturizer4' running 'LanguageModelFeaturizer.process'.
2025-04-24 21:32:40,738 [DEBUG]  Node 'run_DIETClassifier5' running 'DIETClassifier.process'.
2025-04-24 21:32:40,742 [DEBUG]  Node 'run_EntitySynonymMapper6' running 'EntitySynonymMapper.process'.
2025-04-24 21:32:40,742 [DEBUG]  Node 'run_ResponseSelector7' running 'ResponseSelector.process'.
2025-04-24 21:32:40,743 [DEBUG]  There is no trained model for 'ResponseSelector': The component is either not trained or didn't receive enough training data.
2025-04-24 21:32:40,743 [DEBUG]  Adding following selector key to message property: default
2025-04-24 21:32:40,743 [DEBUG]  Node 'domain_provider' running 'DomainProvider.provide_inference'.
2025-04-24 21:32:40,743 [DEBUG]  Node 'run_RegexMessageHandler' running 'RegexMessageHandler.process'.
2025-04-24 21:32:40,743 [DEBUG]  [[32m[1mdebug    [0m] [1mprocessor.message.parse       [0m [36mparse_data_entities[0m=[35m[][0m [36mparse_data_intent[0m=[35m{'name': 'ask_microservices_benefits', 'confidence': 0.25856494903564453}[0m [36mparse_data_text[0m=[35mкакие есть преимущества у микросервисов[0m
2025-04-24 21:32:40,743 [DEBUG]  Logged UserUtterance - tracker now has 22 events.
2025-04-24 21:32:40,743 [DEBUG]  Validating extracted slots: topic
2025-04-24 21:32:40,743 [DEBUG]  [[32m[1mdebug    [0m] [1mprocessor.extract.slots       [0m [36maction_extract_slot[0m=[35maction_extract_slots[0m [36mlen_extraction_events[0m=[35m1[0m [36mrasa_events[0m=[35m[SlotSet(key: topic, value: какие есть преимущества у микросервисов)][0m
2025-04-24 21:32:40,743 [DEBUG]  Running graph with inputs: {'__tracker__': <rasa.shared.core.trackers.DialogueStateTracker object at 0x37f06aa30>}, targets: ['select_prediction'] and ExecutionContext(model_id='1bafa94963a343f89578b7f5ac1cc3a4', should_add_diagnostic_data=False, is_finetuning=False, node_name=None).
2025-04-24 21:32:40,744 [DEBUG]  Node 'rule_only_data_provider' running 'RuleOnlyDataProvider.provide'.
2025-04-24 21:32:40,744 [DEBUG]  Node 'domain_provider' running 'DomainProvider.provide_inference'.
2025-04-24 21:32:40,744 [DEBUG]  Node 'run_MemoizationPolicy0' running 'MemoizationPolicy.predict_action_probabilities'.
2025-04-24 21:32:40,744 [DEBUG]  [[32m[1mdebug    [0m] [1mmemoization.predict.actions   [0m [36mtracker_states[0m=[35m[{'user': {'intent': 'ask_architecture'}, 'prev_action': {'action_name': 'action_listen'}}, {'user': {'intent': 'ask_architecture'}, 'prev_action': {'action_name': 'utter_architecture_response'}}, {'user': {'intent': 'ask_microservices'}, 'prev_action': {'action_name': 'action_listen'}}, {'user': {'intent': 'ask_microservices'}, 'prev_action': {'action_name': 'utter_microservices'}}, {'user': {'intent': 'ask_microservices_benefits'}, 'prev_action': {'action_name': 'action_listen'}}][0m
2025-04-24 21:32:40,744 [DEBUG]  There is no memorised next action
2025-04-24 21:32:40,744 [DEBUG]  Node 'run_RulePolicy1' running 'RulePolicy.predict_action_probabilities'.
2025-04-24 21:32:40,744 [DEBUG]  [[32m[1mdebug    [0m] [1mrule_policy.actions.find      [0m [36mcurrent_states[0m=[35m
[state 1] user intent: greet | previous action name: action_listen
[state 2] user intent: greet | previous action name: utter_greet
[state 3] user intent: ask_architecture | previous action name: action_listen
[state 4] user intent: ask_architecture | previous action name: utter_architecture_response
[state 5] user intent: ask_microservices | previous action name: action_listen
[state 6] user intent: ask_microservices | previous action name: utter_microservices
[state 7] user text: какие есть преимущества у микросервисов | previous action name: action_listen[0m
2025-04-24 21:32:40,744 [DEBUG]  There is no applicable rule.
2025-04-24 21:32:40,744 [DEBUG]  [[32m[1mdebug    [0m] [1mrule_policy.actions.find      [0m [36mcurrent_states[0m=[35m
[state 1] user intent: greet | previous action name: action_listen
[state 2] user intent: greet | previous action name: utter_greet
[state 3] user intent: ask_architecture | previous action name: action_listen
[state 4] user intent: ask_architecture | previous action name: utter_architecture_response
[state 5] user intent: ask_microservices | previous action name: action_listen
[state 6] user intent: ask_microservices | previous action name: utter_microservices
[state 7] user intent: ask_microservices_benefits | previous action name: action_listen[0m
2025-04-24 21:32:40,745 [DEBUG]  There is a rule for the next action 'utter_microservices_benefits'.
2025-04-24 21:32:40,745 [DEBUG]  Node 'run_TEDPolicy2' running 'TEDPolicy.predict_action_probabilities'.
2025-04-24 21:32:40,747 [DEBUG]  TED predicted 'utter_microservices_benefits' based on user intent.
2025-04-24 21:32:40,747 [DEBUG]  Node 'select_prediction' running 'DefaultPolicyPredictionEnsemble.combine_predictions_from_kwargs'.
2025-04-24 21:32:40,747 [DEBUG]  Made prediction using user intent.
2025-04-24 21:32:40,747 [DEBUG]  Added `DefinePrevUserUtteredFeaturization(False)` event.
2025-04-24 21:32:40,747 [DEBUG]  Predicted next action using RulePolicy.
2025-04-24 21:32:40,747 [DEBUG]  Predicted next action 'utter_microservices_benefits' with confidence 1.00.
2025-04-24 21:32:40,747 [DEBUG]  [[32m[1mdebug    [0m] [1mprocessor.actions.policy_prediction[0m [36mprediction_events[0m=[35m[<rasa.shared.core.events.DefinePrevUserUtteredFeaturization object at 0x37f072520>][0m
2025-04-24 21:32:40,748 [DEBUG]  [[32m[1mdebug    [0m] [1mprocessor.actions.log         [0m [36maction_name[0m=[35mutter_microservices_benefits[0m [36mrasa_events[0m=[35m[BotUttered('Преимущества микросервисной архитектуры включают: 1) Независимость разработки и развертывания сервисов, 2) Возможность масштабирования отдельных сервисов, 3) Технологическая гибкость - разные сервисы могут использовать разные технологии, 4) Упрощение понимания и поддержки отдельных компонентов, 5) Улучшенная отказоустойчивость - сбой одного сервиса не приводит к падению всей системы.', {"elements": null, "quick_replies": null, "buttons": null, "attachment": null, "image": null, "custom": null}, {"utter_action": "utter_microservices_benefits"}, 1745519560.747839)][0m
2025-04-24 21:32:40,748 [DEBUG]  Running graph with inputs: {'__tracker__': <rasa.shared.core.trackers.DialogueStateTracker object at 0x37f06aa30>}, targets: ['select_prediction'] and ExecutionContext(model_id='1bafa94963a343f89578b7f5ac1cc3a4', should_add_diagnostic_data=False, is_finetuning=False, node_name=None).
2025-04-24 21:32:40,748 [DEBUG]  Node 'rule_only_data_provider' running 'RuleOnlyDataProvider.provide'.
2025-04-24 21:32:40,748 [DEBUG]  Node 'domain_provider' running 'DomainProvider.provide_inference'.
2025-04-24 21:32:40,748 [DEBUG]  Node 'run_MemoizationPolicy0' running 'MemoizationPolicy.predict_action_probabilities'.
2025-04-24 21:32:40,749 [DEBUG]  [[32m[1mdebug    [0m] [1mmemoization.predict.actions   [0m [36mtracker_states[0m=[35m[{'user': {'intent': 'ask_architecture'}, 'prev_action': {'action_name': 'utter_architecture_response'}}, {'user': {'intent': 'ask_microservices'}, 'prev_action': {'action_name': 'action_listen'}}, {'user': {'intent': 'ask_microservices'}, 'prev_action': {'action_name': 'utter_microservices'}}, {'user': {'intent': 'ask_microservices_benefits'}, 'prev_action': {'action_name': 'action_listen'}}, {'user': {'intent': 'ask_microservices_benefits'}, 'prev_action': {'action_name': 'utter_microservices_benefits'}}][0m
2025-04-24 21:32:40,749 [DEBUG]  There is no memorised next action
2025-04-24 21:32:40,749 [DEBUG]  Node 'run_RulePolicy1' running 'RulePolicy.predict_action_probabilities'.
2025-04-24 21:32:40,749 [DEBUG]  [[32m[1mdebug    [0m] [1mrule_policy.actions.find      [0m [36mcurrent_states[0m=[35m
[state 1] user intent: greet | previous action name: action_listen
[state 2] user intent: greet | previous action name: utter_greet
[state 3] user intent: ask_architecture | previous action name: action_listen
[state 4] user intent: ask_architecture | previous action name: utter_architecture_response
[state 5] user intent: ask_microservices | previous action name: action_listen
[state 6] user intent: ask_microservices | previous action name: utter_microservices
[state 7] user intent: ask_microservices_benefits | previous action name: action_listen
[state 8] user intent: ask_microservices_benefits | previous action name: utter_microservices_benefits[0m
2025-04-24 21:32:40,749 [DEBUG]  There is a rule for the next action 'action_listen'.
2025-04-24 21:32:40,749 [DEBUG]  Node 'run_TEDPolicy2' running 'TEDPolicy.predict_action_probabilities'.
2025-04-24 21:32:40,751 [DEBUG]  TED predicted 'action_listen' based on user intent.
2025-04-24 21:32:40,751 [DEBUG]  Node 'select_prediction' running 'DefaultPolicyPredictionEnsemble.combine_predictions_from_kwargs'.
2025-04-24 21:32:40,751 [DEBUG]  Predicted next action using RulePolicy.
2025-04-24 21:32:40,751 [DEBUG]  Predicted next action 'action_listen' with confidence 1.00.
2025-04-24 21:32:40,751 [DEBUG]  [[32m[1mdebug    [0m] [1mprocessor.actions.policy_prediction[0m [36mprediction_events[0m=[35m[][0m
2025-04-24 21:32:40,751 [DEBUG]  [[32m[1mdebug    [0m] [1mprocessor.actions.log         [0m [36maction_name[0m=[35maction_listen[0m [36mrasa_events[0m=[35m[][0m
2025-04-24 21:32:40,752 [DEBUG]  No event broker configured. Skipping streaming events.
2025-04-24 21:32:40,752 [DEBUG]  Deleted lock for conversation 'PractikumStudent'.
2025-04-24 21:32:43,766 [DEBUG]  Issuing ticket for conversation 'PractikumStudent'.
2025-04-24 21:32:43,767 [DEBUG]  Acquiring lock for conversation 'PractikumStudent'.
2025-04-24 21:32:43,767 [DEBUG]  Acquired lock for conversation 'PractikumStudent'.
2025-04-24 21:32:43,767 [DEBUG]  Recreating tracker for id 'PractikumStudent'
2025-04-24 21:32:43,770 [DEBUG]  Running graph with inputs: {'__message__': [<rasa.core.channels.channel.UserMessage object at 0x37f057190>], '__tracker__': <rasa.shared.core.trackers.DialogueStateTracker object at 0x37f057460>}, targets: ['run_RegexMessageHandler'] and ExecutionContext(model_id='1bafa94963a343f89578b7f5ac1cc3a4', should_add_diagnostic_data=False, is_finetuning=False, node_name=None).
2025-04-24 21:32:43,770 [DEBUG]  Node 'nlu_message_converter' running 'NLUMessageConverter.convert_user_message'.
2025-04-24 21:32:43,771 [DEBUG]  Node 'run_WhitespaceTokenizer0' running 'WhitespaceTokenizer.process'.
2025-04-24 21:32:43,771 [DEBUG]  Node 'run_RegexFeaturizer1' running 'RegexFeaturizer.process'.
2025-04-24 21:32:43,771 [DEBUG]  Node 'run_LexicalSyntacticFeaturizer2' running 'LexicalSyntacticFeaturizer.process'.
2025-04-24 21:32:43,771 [DEBUG]  Node 'run_CountVectorsFeaturizer3' running 'CountVectorsFeaturizer.process'.
2025-04-24 21:32:43,772 [DEBUG]  Node 'run_LanguageModelFeaturizer4' running 'LanguageModelFeaturizer.process'.
2025-04-24 21:32:43,837 [DEBUG]  Node 'run_DIETClassifier5' running 'DIETClassifier.process'.
2025-04-24 21:32:43,841 [DEBUG]  Node 'run_EntitySynonymMapper6' running 'EntitySynonymMapper.process'.
2025-04-24 21:32:43,841 [DEBUG]  Node 'run_ResponseSelector7' running 'ResponseSelector.process'.
2025-04-24 21:32:43,841 [DEBUG]  There is no trained model for 'ResponseSelector': The component is either not trained or didn't receive enough training data.
2025-04-24 21:32:43,841 [DEBUG]  Adding following selector key to message property: default
2025-04-24 21:32:43,841 [DEBUG]  Node 'domain_provider' running 'DomainProvider.provide_inference'.
2025-04-24 21:32:43,841 [DEBUG]  Node 'run_RegexMessageHandler' running 'RegexMessageHandler.process'.
